0 info it worked if it ends with ok
1 verbose cli [ '/usr/bin/nodejs', '/usr/bin/npm', 'run', 'babel' ]
2 info using npm@3.8.6
3 info using node@v5.12.0
4 verbose run-script [ 'prebabel', 'babel', 'postbabel' ]
5 info lifecycle vue.js@0.0.1~prebabel: vue.js@0.0.1
6 silly lifecycle vue.js@0.0.1~prebabel: no script for prebabel, continuing
7 info lifecycle vue.js@0.0.1~babel: vue.js@0.0.1
8 verbose lifecycle vue.js@0.0.1~babel: unsafe-perm in lifecycle true
9 verbose lifecycle vue.js@0.0.1~babel: PATH: /usr/lib/node_modules/npm/bin/node-gyp-bin:/home/vagrant/Code/laravel-vue/vue.js/node_modules/.bin:/usr/bin:/home/vagrant/.composer/vendor/bin:/usr/local/sbin:/usr/local/bin:/usr/sbin:/usr/bin:/sbin:/bin:/usr/games:/usr/local/games
10 verbose lifecycle vue.js@0.0.1~babel: CWD: /home/vagrant/Code/laravel-vue/vue.js
11 silly lifecycle vue.js@0.0.1~babel: Args: [ '-c',
11 silly lifecycle   'CHOKIDAR_USEPOLLING=true babel src --out-dir dist --watch' ]
12 silly lifecycle vue.js@0.0.1~babel: Returned: code: 1  signal: null
13 info lifecycle vue.js@0.0.1~babel: Failed to exec babel script
14 verbose stack Error: vue.js@0.0.1 babel: `CHOKIDAR_USEPOLLING=true babel src --out-dir dist --watch`
14 verbose stack Exit status 1
14 verbose stack     at EventEmitter.<anonymous> (/usr/lib/node_modules/npm/lib/utils/lifecycle.js:239:16)
14 verbose stack     at emitTwo (events.js:100:13)
14 verbose stack     at EventEmitter.emit (events.js:185:7)
14 verbose stack     at ChildProcess.<anonymous> (/usr/lib/node_modules/npm/lib/utils/spawn.js:24:14)
14 verbose stack     at emitTwo (events.js:100:13)
14 verbose stack     at ChildProcess.emit (events.js:185:7)
14 verbose stack     at maybeClose (internal/child_process.js:850:16)
14 verbose stack     at Process.ChildProcess._handle.onexit (internal/child_process.js:215:5)
15 verbose pkgid vue.js@0.0.1
16 verbose cwd /home/vagrant/Code/laravel-vue/vue.js
17 error Linux 4.4.0-22-generic
18 error argv "/usr/bin/nodejs" "/usr/bin/npm" "run" "babel"
19 error node v5.12.0
20 error npm  v3.8.6
21 error code ELIFECYCLE
22 error vue.js@0.0.1 babel: `CHOKIDAR_USEPOLLING=true babel src --out-dir dist --watch`
22 error Exit status 1
23 error Failed at the vue.js@0.0.1 babel script 'CHOKIDAR_USEPOLLING=true babel src --out-dir dist --watch'.
23 error Make sure you have the latest version of node.js and npm installed.
23 error If you do, this is most likely a problem with the vue.js package,
23 error not with npm itself.
23 error Tell the author that this fails on your system:
23 error     CHOKIDAR_USEPOLLING=true babel src --out-dir dist --watch
23 error You can get information on how to open an issue for this project with:
23 error     npm bugs vue.js
23 error Or if that isn't available, you can get their info via:
23 error     npm owner ls vue.js
23 error There is likely additional logging output above.
24 verbose exit [ 1, true ]
